<?xml version="1.0" encoding="UTF-8"?>
<!-- Generated by org.testng.reporters.JUnitReportReporter -->
<testsuite hostname="LegionSimone" failures="0" tests="1" name="tests.Suite" time="0.809" errors="0" timestamp="2021-09-18T08:37:03 CEST" skipped="0">
  <testcase classname="tests.Suite" name="PerformCall" time="0.809"/>
  <system-out/>
</testsuite> <!-- tests.Suite -->
