<?xml version="1.0" encoding="UTF-8"?>
<!-- Generated by org.testng.reporters.JUnitReportReporter -->
<testsuite hostname="LegionSimone" failures="0" tests="5" name="tests.ApiTest" time="1.505" errors="0" timestamp="2021-09-18T08:36:24 CEST" skipped="0">
  <testcase classname="tests.ApiTest" name="GetAllUsers" time="0.380"/>
  <system-out/>
  <testcase classname="tests.ApiTest" name="PerformCall" time="0.090"/>
  <system-out/>
  <testcase classname="tests.ApiTest" name="GetAllPosts" time="0.102"/>
  <system-out/>
  <testcase classname="tests.ApiTest" name="GetAllTodos" time="0.106"/>
  <system-out/>
  <testcase classname="tests.ApiTest" name="GetAllAlbums" time="0.827"/>
  <system-out/>
</testsuite> <!-- tests.ApiTest -->
