<?xml version="1.0" encoding="UTF-8"?>
<!-- Generated by org.testng.reporters.JUnitReportReporter -->
<testsuite hostname="LegionSimone" failures="0" tests="3" name="tests.Suite" time="1.127" errors="0" timestamp="2021-09-21T10:11:36 CEST" skipped="0">
  <testcase classname="tests.Suite" name="PerformCall" time="0.111"/>
  <system-out/>
  <testcase classname="tests.Suite" name="PerformCall" time="0.158"/>
  <system-out/>
  <testcase classname="tests.Suite" name="PerformCall" time="0.858"/>
  <system-out/>
</testsuite> <!-- tests.Suite -->
