<?xml version="1.0" encoding="UTF-8"?>
<!-- Generated by org.testng.reporters.JUnitReportReporter -->
<testsuite hostname="LegionSimone" failures="0" tests="3" name="tests.Suite" time="0.996" errors="0" timestamp="2021-09-19T08:36:12 CEST" skipped="0">
  <testcase classname="tests.Suite" name="PerformCall" time="0.755"/>
  <system-out/>
  <testcase classname="tests.Suite" name="PerformCall" time="0.124"/>
  <system-out/>
  <testcase classname="tests.Suite" name="PerformCall" time="0.117"/>
  <system-out/>
</testsuite> <!-- tests.Suite -->
